<?xml version="1.0" encoding="UTF-8"?>
<!-- Generated by org.testng.reporters.JUnitReportReporter -->
<testsuite skipped="0" hostname="f7583d477b8b" name="com.searchmodule.tests.SearchTest" tests="5" failures="0" timestamp="12 Feb 2022 20:33:29 GMT" time="103.247" errors="0">
  <testcase name="searchPage" time="22.202" classname="com.searchmodule.tests.SearchTest"/>
  <testcase name="searchPage" time="21.792" classname="com.searchmodule.tests.SearchTest"/>
  <testcase name="searchPage" time="20.042" classname="com.searchmodule.tests.SearchTest"/>
  <testcase name="searchPage" time="18.892" classname="com.searchmodule.tests.SearchTest"/>
  <testcase name="searchPage" time="20.319" classname="com.searchmodule.tests.SearchTest"/>
</testsuite> <!-- com.searchmodule.tests.SearchTest -->
